0 info it worked if it ends with ok
1 verbose cli [ '/opt/node-v7.7.1-linux-x64/bin/node',
1 verbose cli   '/usr/local/bin/npm',
1 verbose cli   'install',
1 verbose cli   'js-sha256' ]
2 info using npm@4.1.2
3 info using node@v7.7.1
4 verbose config Skipping project config: /home/hss/.npmrc. (matches userconfig)
5 silly loadCurrentTree Starting
6 silly install loadCurrentTree
7 silly install readLocalPackageData
8 silly fetchPackageMetaData js-sha256
9 silly fetchNamedPackageData js-sha256
10 silly mapToRegistry name js-sha256
11 silly mapToRegistry using default registry
12 silly mapToRegistry registry https://registry.npmjs.org/
13 silly mapToRegistry data Result {
13 silly mapToRegistry   raw: 'js-sha256',
13 silly mapToRegistry   scope: null,
13 silly mapToRegistry   escapedName: 'js-sha256',
13 silly mapToRegistry   name: 'js-sha256',
13 silly mapToRegistry   rawSpec: '',
13 silly mapToRegistry   spec: 'latest',
13 silly mapToRegistry   type: 'tag' }
14 silly mapToRegistry uri https://registry.npmjs.org/js-sha256
15 verbose request uri https://registry.npmjs.org/js-sha256
16 verbose request no auth needed
17 info attempt registry request try #1 at 2:34:18 AM
18 verbose request id efddebc359a2b25b
19 http request GET https://registry.npmjs.org/js-sha256
20 info retry will retry, error on last attempt: Error: getaddrinfo EAI_AGAIN registry.npmjs.org:443
21 info attempt registry request try #2 at 2:34:28 AM
22 http request GET https://registry.npmjs.org/js-sha256
23 info retry will retry, error on last attempt: Error: getaddrinfo EAI_AGAIN registry.npmjs.org:443
24 info attempt registry request try #3 at 2:35:28 AM
25 http request GET https://registry.npmjs.org/js-sha256
26 silly fetchPackageMetaData Error: getaddrinfo EAI_AGAIN registry.npmjs.org:443
26 silly fetchPackageMetaData     at Object.exports._errnoException (util.js:1029:11)
26 silly fetchPackageMetaData     at errnoException (dns.js:33:15)
26 silly fetchPackageMetaData     at GetAddrInfoReqWrap.onlookup [as oncomplete] (dns.js:73:26)
26 silly fetchPackageMetaData  error for js-sha256 { Error: getaddrinfo EAI_AGAIN registry.npmjs.org:443
26 silly fetchPackageMetaData     at Object.exports._errnoException (util.js:1029:11)
26 silly fetchPackageMetaData     at errnoException (dns.js:33:15)
26 silly fetchPackageMetaData     at GetAddrInfoReqWrap.onlookup [as oncomplete] (dns.js:73:26)
26 silly fetchPackageMetaData   code: 'EAI_AGAIN',
26 silly fetchPackageMetaData   errno: 'EAI_AGAIN',
26 silly fetchPackageMetaData   syscall: 'getaddrinfo',
26 silly fetchPackageMetaData   hostname: 'registry.npmjs.org',
26 silly fetchPackageMetaData   host: 'registry.npmjs.org',
26 silly fetchPackageMetaData   port: 443 }
27 silly rollbackFailedOptional Starting
28 silly rollbackFailedOptional Finishing
29 silly runTopLevelLifecycles Finishing
30 silly install printInstalled
31 verbose stack Error: getaddrinfo EAI_AGAIN registry.npmjs.org:443
31 verbose stack     at Object.exports._errnoException (util.js:1029:11)
31 verbose stack     at errnoException (dns.js:33:15)
31 verbose stack     at GetAddrInfoReqWrap.onlookup [as oncomplete] (dns.js:73:26)
32 verbose cwd /home/hss/hu/smart_contract/DSSE/local
33 error Linux 4.8.0-41-generic
34 error argv "/opt/node-v7.7.1-linux-x64/bin/node" "/usr/local/bin/npm" "install" "js-sha256"
35 error node v7.7.1
36 error npm  v4.1.2
37 error code EAI_AGAIN
38 error errno EAI_AGAIN
39 error syscall getaddrinfo
40 error getaddrinfo EAI_AGAIN registry.npmjs.org:443
41 error If you need help, you may report this error at:
41 error     <https://github.com/npm/npm/issues>
42 verbose exit [ 1, true ]
